\BOOKMARK [0][-]{Doc-Start}{Table\040of\040Contents}{}% 1
\BOOKMARK [0][-]{section*.2}{Preface}{}% 2
\BOOKMARK [0][-]{chapter.1}{1\040The\040Real\040and\040Complex\040Number\040Systems}{}% 3
\BOOKMARK [1][-]{section.1.1}{1.1\040Some\040Basic\040Set\040Theory\040Notions}{chapter.1}% 4
\BOOKMARK [2][-]{subsection.1.1.1}{1.1.1\040Sets\040of\040Real\040Numbers}{section.1.1}% 5
\BOOKMARK [1][-]{section.1.2}{1.2\040Real\040Number\040Arithmetic}{chapter.1}% 6
\BOOKMARK [1][-]{section.1.3}{1.3\040The\040Cartesian\040Coordinate\040Plane}{chapter.1}% 7
\BOOKMARK [2][-]{subsection.1.3.1}{1.3.1\040Distance\040in\040the\040Plane}{section.1.3}% 8
\BOOKMARK [1][-]{section.1.4}{1.4\040Complex\040Numbers}{chapter.1}% 9
\BOOKMARK [1][-]{section.1.5}{1.5\040Polar\040Coordinates}{chapter.1}% 10
\BOOKMARK [1][-]{section.1.6}{1.6\040The\040Polar\040Form\040of\040Complex\040Numbers}{chapter.1}% 11
\BOOKMARK [0][-]{chapter.2}{2\040Vectors}{}% 12
\BOOKMARK [1][-]{section.2.1}{2.1\040Introduction\040to\040Cartesian\040Coordinates\040in\040Space}{chapter.2}% 13
\BOOKMARK [1][-]{section.2.2}{2.2\040An\040Introduction\040to\040Vectors}{chapter.2}% 14
\BOOKMARK [1][-]{section.2.3}{2.3\040The\040Dot\040Product}{chapter.2}% 15
\BOOKMARK [1][-]{section.2.4}{2.4\040The\040Cross\040Product}{chapter.2}% 16
\BOOKMARK [1][-]{section.2.5}{2.5\040Lines}{chapter.2}% 17
\BOOKMARK [1][-]{section.2.6}{2.6\040Planes}{chapter.2}% 18
\BOOKMARK [0][-]{chapter.3}{3\040Systems\040of\040Linear\040Equations}{}% 19
\BOOKMARK [1][-]{section.3.1}{3.1\040Introduction\040to\040Linear\040Equations}{chapter.3}% 20
\BOOKMARK [1][-]{section.3.2}{3.2\040Using\040Matrices\040To\040Solve\040Systems\040of\040Linear\040Equations}{chapter.3}% 21
\BOOKMARK [1][-]{section.3.3}{3.3\040Elementary\040Row\040Operations\040and\040Gaussian\040Elimination}{chapter.3}% 22
\BOOKMARK [1][-]{section.3.4}{3.4\040Existence\040and\040Uniqueness\040of\040Solutions}{chapter.3}% 23
\BOOKMARK [1][-]{section.3.5}{3.5\040Applications\040of\040Linear\040Systems}{chapter.3}% 24
\BOOKMARK [0][-]{chapter.4}{4\040Matrix\040Arithmetic}{}% 25
\BOOKMARK [1][-]{section.4.1}{4.1\040Matrix\040Addition\040and\040Scalar\040Multiplication}{chapter.4}% 26
\BOOKMARK [1][-]{section.4.2}{4.2\040Matrix\040Multiplication}{chapter.4}% 27
\BOOKMARK [1][-]{section.4.3}{4.3\040Visualizing\040Matrix\040Arithmetic\040in\0402D}{chapter.4}% 28
\BOOKMARK [1][-]{section.4.4}{4.4\040Vector\040Solutions\040to\040Linear\040Systems}{chapter.4}% 29
\BOOKMARK [1][-]{section.4.5}{4.5\040Solving\040Matrix\040Equations\040AX=B}{chapter.4}% 30
\BOOKMARK [1][-]{section.4.6}{4.6\040The\040Matrix\040Inverse}{chapter.4}% 31
\BOOKMARK [1][-]{section.4.7}{4.7\040Properties\040of\040the\040Matrix\040Inverse}{chapter.4}% 32
\BOOKMARK [0][-]{chapter.5}{5\040Operations\040on\040Matrices}{}% 33
\BOOKMARK [1][-]{section.5.1}{5.1\040The\040Matrix\040Transpose}{chapter.5}% 34
\BOOKMARK [1][-]{section.5.2}{5.2\040The\040Matrix\040Trace}{chapter.5}% 35
\BOOKMARK [1][-]{section.5.3}{5.3\040The\040Determinant}{chapter.5}% 36
\BOOKMARK [1][-]{section.5.4}{5.4\040Properties\040of\040the\040Determinant}{chapter.5}% 37
\BOOKMARK [1][-]{section.5.5}{5.5\040Cramer's\040Rule}{chapter.5}% 38
\BOOKMARK [0][-]{chapter.6}{6\040Eigenvalues\040and\040Eigenvectors}{}% 39
\BOOKMARK [1][-]{section.6.1}{6.1\040Eigenvalues\040and\040Eigenvectors}{chapter.6}% 40
\BOOKMARK [1][-]{section.6.2}{6.2\040Properties\040of\040Eigenvalues\040and\040Eigenvectors}{chapter.6}% 41
\BOOKMARK [0][-]{chapter.7}{7\040Graphical\040Explorations\040of\040Vectors}{}% 42
\BOOKMARK [1][-]{section.7.1}{7.1\040Transformations\040of\040the\040Cartesian\040Plane}{chapter.7}% 43
\BOOKMARK [1][-]{section.7.2}{7.2\040Properties\040of\040Linear\040Transformations}{chapter.7}% 44
\BOOKMARK [1][-]{section.7.3}{7.3\040Visualizing\040Vectors:\040Vectors\040in\040Three\040Dimensions}{chapter.7}% 45
\BOOKMARK [0][-]{appendix.A}{A\040Answers\040To\040Selected\040Problems}{}% 46
