This is pdfTeX, Version 3.14159265-2.6-1.40.16 (MiKTeX 2.9 64-bit) (preloaded format=latex 2016.5.6)  6 JUL 2016 14:54
entering extended mode
**\scrollmode

*
(Please type a command or say `\end')
*\documentclass[12pt]{article}

*\usepackage{mathspec}
("C:\Program Files\MiKTeX 2.9\tex\latex\base\article.cls"
Document Class: article 2014/09/29 v1.4h Standard LaTeX document class
("C:\Program Files\MiKTeX 2.9\tex\latex\base\size12.clo"
File: size12.clo 2014/09/29 v1.4h Standard LaTeX file (size option)
)
\c@part=\count79
\c@section=\count80
\c@subsection=\count81
\c@subsubsection=\count82
\c@paragraph=\count83
\c@subparagraph=\count84
\c@figure=\count85
\c@table=\count86
\abovecaptionskip=\skip41
\belowcaptionskip=\skip42
\bibindent=\dimen102
)
*\setallmainfonts[Mapping=tex-text]{Calibri}
("C:\Program Files\MiKTeX 2.9\tex\xelatex\mathspec\mathspec.sty"
Package: mathspec 2009/09/30 v0.2 LaTeX Package (Mathematics font selection for
 XeLaTeX)

("C:\Program Files\MiKTeX 2.9\tex\latex\etoolbox\etoolbox.sty"
Package: etoolbox 2015/08/02 v2.2a e-TeX tools for LaTeX (JAW)
\etb@tempcnta=\count87
)
("C:\Program Files\MiKTeX 2.9\tex\latex\amsmath\amstext.sty"
Package: amstext 2000/06/29 v2.01

("C:\Program Files\MiKTeX 2.9\tex\latex\amsmath\amsgen.sty"
File: amsgen.sty 1999/11/30 v2.0
\@emptytoks=\toks14
\ex@=\dimen103
))
("C:\Program Files\MiKTeX 2.9\tex\generic\ifxetex\ifxetex.sty"
Package: ifxetex 2010/09/12 v0.6 Provides ifxetex conditional
)
! 
 ********************************************
 * XeTeX is required to compile this document.
 * Sorry!
 ********************************************.
\RequireXeTeX ...********************************}
                                                  \endgroup \fi 
l.12 \RequireXeTeX
                  
This error message was generated by an \errmessage
command, so I can't give any explicit help.
Pretend that you're Hercule Poirot: Examine all clues,
and deduce the truth by order and method.


! Undefined control sequence.
<argument> ...sion of XeTeX is \the \XeTeXversion 
                                                  \XeTeXrevision .\MessageBr...
l.18   {\relax}
               
The control sequence at the end of the top line
of your error message was never \def'ed. If you have
misspelled it (e.g., `\hobx'), type `I' and the correct
spelling (e.g., `I\hbox'). Otherwise just continue,
and I'll forget about whatever was undefined.

! Undefined control sequence.
<argument> ...s \the \XeTeXversion \XeTeXrevision 
                                                  .\MessageBreak Update your...
l.18   {\relax}
               
The control sequence at the end of the top line
of your error message was never \def'ed. If you have
misspelled it (e.g., `\hobx'), type `I' and the correct
spelling (e.g., `I\hbox'). Otherwise just continue,
and I'll forget about whatever was undefined.

! You can't use `the character .' after \the.
<argument> ... \the \XeTeXversion \XeTeXrevision .
                                                  \MessageBreak Update your ...
l.18   {\relax}
               
I'm forgetting what you said and using zero instead.

! Package mathspec Error: mathspec requires a more recent version of XeTeX.

See the mathspec package documentation for explanation.
Type  H <return>  for immediate help.
 ...                                              
                                                  
l.18   {\relax}
               
Your current vesion of XeTeX is 0
Update your version of XeTeX to at least 0.9995.

("C:\Program Files\MiKTeX 2.9\tex\latex\fontspec\fontspec.sty"
Package: fontspec 2015/07/22 v2.4d Font selection for XeLaTeX and LuaLaTeX

("C:\Program Files\MiKTeX 2.9\tex\latex\l3kernel\expl3.sty"
Package: expl3 2015/11/04 v6224 L3 programming layer (loader) 

("C:\Program Files\MiKTeX 2.9\tex\latex\l3kernel\expl3-code.tex"
Package: expl3 2015/11/04 v6224 L3 programming layer (code) 
L3 Module: l3bootstrap 2015/10/18 v6213 L3 Bootstrap code
L3 Module: l3names 2015/11/03 v6220 L3 Namespace for primitives
L3 Module: l3basics 2015/09/22 v6033 L3 Basic definitions
L3 Module: l3expan 2015/09/10 v5983 L3 Argument expansion
L3 Module: l3tl 2015/09/29 v6121 L3 Token lists
L3 Module: l3str 2015/09/20 v6021 L3 Strings
L3 Module: l3seq 2015/08/05 v5777 L3 Sequences and stacks
L3 Module: l3int 2015/09/25 v6089 L3 Integers
\c_max_int=\count88
\l_tmpa_int=\count89
\l_tmpb_int=\count90
\g_tmpa_int=\count91
\g_tmpb_int=\count92
L3 Module: l3quark 2015/08/17 v5855 L3 Quarks
L3 Module: l3prg 2015/11/01 v6216 L3 Control structures
\g__prg_map_int=\count93
L3 Module: l3clist 2015/09/02 v5901 L3 Comma separated lists
L3 Module: l3token 2015/09/28 v6114 L3 Experimental token manipulation
L3 Module: l3prop 2015/08/05 v5777 L3 Property lists
L3 Module: l3msg 2015/09/28 v6113 L3 Messages
L3 Module: l3file 2015/09/23 v6037 L3 File and I/O operations
\l_iow_line_count_int=\count94
\l__iow_target_count_int=\count95
\l__iow_current_line_int=\count96
\l__iow_current_word_int=\count97
\l__iow_current_indentation_int=\count98
L3 Module: l3skip 2015/09/25 v6089 L3 Dimensions and skips
\c_zero_dim=\dimen104
\c_max_dim=\dimen105
\l_tmpa_dim=\dimen106
\l_tmpb_dim=\dimen107
\g_tmpa_dim=\dimen108
\g_tmpb_dim=\dimen109
\c_zero_skip=\skip43
\c_max_skip=\skip44
\l_tmpa_skip=\skip45
\l_tmpb_skip=\skip46
\g_tmpa_skip=\skip47
\g_tmpb_skip=\skip48
\c_zero_muskip=\muskip10
\c_max_muskip=\muskip11
\l_tmpa_muskip=\muskip12
\l_tmpb_muskip=\muskip13
\g_tmpa_muskip=\muskip14
\g_tmpb_muskip=\muskip15
L3 Module: l3keys 2015/09/23 v6037 L3 Key-value interfaces
\g__keyval_level_int=\count99
\l_keys_choice_int=\count100
L3 Module: l3fp 2015/08/25 v5890 L3 Floating points
\c__fp_leading_shift_int=\count101
\c__fp_middle_shift_int=\count102
\c__fp_trailing_shift_int=\count103
\c__fp_big_leading_shift_int=\count104
\c__fp_big_middle_shift_int=\count105
\c__fp_big_trailing_shift_int=\count106
\c__fp_Bigg_leading_shift_int=\count107
\c__fp_Bigg_middle_shift_int=\count108
\c__fp_Bigg_trailing_shift_int=\count109
L3 Module: l3box 2015/08/09 v5822 L3 Experimental boxes
\c_empty_box=\box26
\l_tmpa_box=\box27
\l_tmpb_box=\box28
\g_tmpa_box=\box29
\g_tmpb_box=\box30
L3 Module: l3coffins 2015/08/06 v5789 L3 Coffin code layer
\l__coffin_internal_box=\box31
\l__coffin_internal_dim=\dimen110
\l__coffin_offset_x_dim=\dimen111
\l__coffin_offset_y_dim=\dimen112
\l__coffin_x_dim=\dimen113
\l__coffin_y_dim=\dimen114
\l__coffin_x_prime_dim=\dimen115
\l__coffin_y_prime_dim=\dimen116
\c_empty_coffin=\box32
\l__coffin_aligned_coffin=\box33
\l__coffin_aligned_internal_coffin=\box34
\l_tmpa_coffin=\box35
\l_tmpb_coffin=\box36
\l__coffin_display_coffin=\box37
\l__coffin_display_coord_coffin=\box38
\l__coffin_display_pole_coffin=\box39
\l__coffin_display_offset_dim=\dimen117
\l__coffin_display_x_dim=\dimen118
\l__coffin_display_y_dim=\dimen119
L3 Module: l3color 2014/08/23 v5354 L3 Experimental color support
L3 Module: l3candidates 2015/11/01 v6216 L3 Experimental additions to l3kernel
\l__box_top_dim=\dimen120
\l__box_bottom_dim=\dimen121
\l__box_left_dim=\dimen122
\l__box_right_dim=\dimen123
\l__box_top_new_dim=\dimen124
\l__box_bottom_new_dim=\dimen125
\l__box_left_new_dim=\dimen126
\l__box_right_new_dim=\dimen127
\l__box_internal_box=\box40
\l__coffin_bounding_shift_dim=\dimen128
\l__coffin_left_corner_dim=\dimen129
\l__coffin_right_corner_dim=\dimen130
\l__coffin_bottom_corner_dim=\dimen131
\l__coffin_top_corner_dim=\dimen132
\l__coffin_scaled_total_height_dim=\dimen133
\l__coffin_scaled_width_dim=\dimen134
L3 Module: l3sys 2015/09/25 v6087 L3 Experimental system/runtime functions
L3 Module: l3luatex 2015/09/10 v5983 L3 Experimental LuaTeX-specific functions
)
("C:\Program Files\MiKTeX 2.9\tex\latex\l3kernel\l3unicode-data.def"
File: l3unicode-data.def 2015/07/20 v5676 L3 Unicode data
)
("C:\Program Files\MiKTeX 2.9\tex\latex\l3kernel\l3dvips.def"
File: l3dvips.def 2015/09/10 v5983 L3 Experimental driver: dvips
))
("C:\Program Files\MiKTeX 2.9\tex\latex\l3packages\xparse\xparse.sty"
Package: xparse 2015/11/04 v6224 L3 Experimental document command parser
\l__xparse_current_arg_int=\count110
\l__xparse_m_args_int=\count111
\l__xparse_mandatory_args_int=\count112
\l__xparse_processor_int=\count113
\l__xparse_v_nesting_int=\count114
)

!!!!!!!!!!!!!!!!!!!!!!!!!!!!!!!!!!!!!!!!!!!!!!!!
!
! Fatal fontspec error: "cannot-use-pdftex"
! 
! The fontspec package requires either XeTeX or LuaTeX to function.
! 
! You must change your typesetting engine to, e.g., "xelatex" or "lualatex"
! instead of plain "latex" or "pdflatex".
! 
! See the fontspec documentation for further information.
! 
! For immediate help type H <return>.
!...............................................  
                                                  
l.43  }
       
|'''''''''''''''''''''''''''''''''''''''''''''''
| This is a fatal error: LaTeX will abort.
|...............................................

 ) ) 
Here is how much of TeX's memory you used:
 7654 strings out of 493674
 149206 string characters out of 3143954
 164224 words of memory out of 3000000
 11056 multiletter control sequences out of 15000+200000
 3938 words of font info for 15 fonts, out of 3000000 for 9000
 1025 hyphenation exceptions out of 8191
 43i,1n,44p,10440b,293s stack positions out of 5000i,500n,10000p,200000b,50000s

No pages of output.
